\BOOKMARK [0][-]{chapter*.1}{Abstract}{}% 1
\BOOKMARK [0][-]{chapter*.2}{Acknowledgements}{}% 2
\BOOKMARK [0][-]{chapter.1}{Introduction}{}% 3
\BOOKMARK [1][-]{section.1.1}{Context}{chapter.1}% 4
\BOOKMARK [1][-]{section.1.2}{Classical\040phases\040of\040matter\040and\040their\040transitions}{chapter.1}% 5
\BOOKMARK [2][-]{subsection.1.2.1}{What\040is\040a\040classical\040phase\040of\040matter?}{section.1.2}% 6
\BOOKMARK [2][-]{subsection.1.2.2}{Landau\040theory\040and\040phase\040transitions}{section.1.2}% 7
\BOOKMARK [2][-]{subsection.1.2.3}{Classifications\040of\040phase\040transitions}{section.1.2}% 8
\BOOKMARK [2][-]{subsection.1.2.4}{Summary}{section.1.2}% 9
\BOOKMARK [1][-]{section.1.3}{Topological\040phases}{chapter.1}% 10
\BOOKMARK [2][-]{subsection.1.3.1}{The\040toric\040code}{section.1.3}% 11
\BOOKMARK [2][-]{subsection.1.3.2}{Example:\040quantum\040Hall\040effects}{section.1.3}% 12
\BOOKMARK [1][-]{section.1.4}{Spin\040liquids}{chapter.1}% 13
\BOOKMARK [2][-]{subsection.1.4.1}{What\040is\040a\040spin\040liquid?}{section.1.4}% 14
\BOOKMARK [2][-]{subsection.1.4.2}{Why\040are\040spin\040liquids\040interesting?}{section.1.4}% 15
\BOOKMARK [2][-]{subsection.1.4.3}{Physical\040realizations\040of\040spin\040liquids}{section.1.4}% 16
\BOOKMARK [0][-]{chapter.2}{Properties\040of\040alpha-RuCl3}{}% 17
\BOOKMARK [1][-]{section.2.1}{Crystal\040structure\040and\040synthesis}{chapter.2}% 18
\BOOKMARK [1][-]{section.2.2}{Electronic\040structure}{chapter.2}% 19
\BOOKMARK [2][-]{subsection.2.2.1}{Review:\040band\040theory}{section.2.2}% 20
\BOOKMARK [2][-]{subsection.2.2.2}{Review:\040the\040Hubbard\040model\040and\040Mott\040insulators}{section.2.2}% 21
\BOOKMARK [2][-]{subsection.2.2.3}{Measured\040electronic\040properties\040of\040RuCl3}{section.2.2}% 22
\BOOKMARK [2][-]{subsection.2.2.4}{A\040unified\040electronic\040picture\040of\040RuCl3}{section.2.2}% 23
\BOOKMARK [1][-]{section.2.3}{Magnetic\040properties}{chapter.2}% 24
\BOOKMARK [2][-]{subsection.2.3.1}{Effective\040spin-\275\040moments\040in\040RuCl3}{section.2.3}% 25
\BOOKMARK [2][-]{subsection.2.3.2}{The\040Kitaev\040QSL\040and\040its\040solution}{section.2.3}% 26
\BOOKMARK [1][-]{section.2.4}{Spin\040liquid\040behavior\040in\040RuCl3}{chapter.2}% 27
\BOOKMARK [1][-]{section.2.5}{Attempts\040to\040dope\040RuCl3\040}{chapter.2}% 28
\BOOKMARK [1][-]{section.2.6}{Summary}{chapter.2}% 29
\BOOKMARK [0][-]{chapter.3}{Electrolyte\040Gating}{}% 30
\BOOKMARK [1][-]{section.3.1}{Mechanism\040of\040field\040effect\040gating}{chapter.3}% 31
\BOOKMARK [1][-]{section.3.2}{Considerations\040for\040electrolyte\040gating}{chapter.3}% 32
\BOOKMARK [2][-]{subsection.3.2.1}{Choosing\040the\040right\040electrolyte}{section.3.2}% 33
\BOOKMARK [2][-]{subsection.3.2.2}{Thoughtful\040device\040design}{section.3.2}% 34
\BOOKMARK [1][-]{section.3.3}{Summary}{chapter.3}% 35
\BOOKMARK [0][-]{chapter.4}{Electronic\040Transport}{}% 36
\BOOKMARK [1][-]{section.4.1}{Introduction\040to\040electronic\040transport\040measurements}{chapter.4}% 37
\BOOKMARK [1][-]{section.4.2}{Measurements\040of\040RuCl3bulk\040crystals}{chapter.4}% 38
\BOOKMARK [1][-]{section.4.3}{Measurements\040of\040exfoliated\040RuCl3crystals}{chapter.4}% 39
\BOOKMARK [1][-]{section.4.4}{Quantifying\040the\040added\040charge}{chapter.4}% 40
\BOOKMARK [1][-]{section.4.5}{Discussion}{chapter.4}% 41
\BOOKMARK [0][-]{chapter.5}{Raman\040Spectroscopy}{}% 42
\BOOKMARK [1][-]{section.5.1}{Fundamentals\040of\040Raman\040spectroscopy}{chapter.5}% 43
\BOOKMARK [1][-]{section.5.2}{Raman\040spectrum\040of\040RuCl3}{chapter.5}% 44
\BOOKMARK [1][-]{section.5.3}{Raman\040spectrum\040of\040electrolytes}{chapter.5}% 45
\BOOKMARK [1][-]{section.5.4}{Raman\040spectroscopy\040of\040RuCl3\040with\040in-situ\040electrolyte\040gating}{chapter.5}% 46
\BOOKMARK [2][-]{subsection.5.4.1}{Methods}{section.5.4}% 47
\BOOKMARK [2][-]{subsection.5.4.2}{Summary\040of\040results}{section.5.4}% 48
\BOOKMARK [2][-]{subsection.5.4.3}{Discussion}{section.5.4}% 49
\BOOKMARK [0][-]{chapter.6}{X-Ray\040Diffraction}{}% 50
\BOOKMARK [1][-]{section.6.1}{Introduction}{chapter.6}% 51
\BOOKMARK [1][-]{section.6.2}{Previous\040measurements\040of\040RuCl3\040}{chapter.6}% 52
\BOOKMARK [1][-]{section.6.3}{X-ray\040measurements\040of\040RuCl3\040at\040Stanford}{chapter.6}% 53
\BOOKMARK [2][-]{subsection.6.3.1}{Pristine\040RuCl3\040}{section.6.3}% 54
\BOOKMARK [2][-]{subsection.6.3.2}{Electrolyte-gated\040RuCl3\040}{section.6.3}% 55
\BOOKMARK [1][-]{section.6.4}{Discussion}{chapter.6}% 56
\BOOKMARK [0][-]{chapter.7}{Conclusion}{}% 57
\BOOKMARK [1][-]{section.7.1}{Hypotheses}{chapter.7}% 58
\BOOKMARK [2][-]{subsection.7.1.1}{Unlikely\040explanations}{section.7.1}% 59
\BOOKMARK [2][-]{subsection.7.1.2}{The\040case\040for\040a\040phase\040transition}{section.7.1}% 60
\BOOKMARK [1][-]{section.7.2}{Future\040work}{chapter.7}% 61
\BOOKMARK [0][-]{section*.30}{Appendices}{}% 62
\BOOKMARK [0][-]{Appendix.a.A}{Procedures}{}% 63
\BOOKMARK [1][-]{section.a.A.1}{Producing\040samples}{Appendix.a.A}% 64
\BOOKMARK [1][-]{section.a.A.2}{Designing\040devices}{Appendix.a.A}% 65
\BOOKMARK [1][-]{section.a.A.3}{Fabrication}{Appendix.a.A}% 66
\BOOKMARK [1][-]{section.a.A.4}{Applying\040ionic\040liquid}{Appendix.a.A}% 67
\BOOKMARK [1][-]{section.a.A.5}{Miscellaneous\040tips}{Appendix.a.A}% 68
\BOOKMARK [0][-]{Appendix.a.B}{Other\040work}{}% 69
\BOOKMARK [1][-]{section.a.B.1}{Scanning\040tunneling\040microscopy\040at\040NIST}{Appendix.a.B}% 70
\BOOKMARK [1][-]{section.a.B.2}{Graphene\040quantum\040hall\040in\040pulsed\040fields}{Appendix.a.B}% 71
\BOOKMARK [1][-]{section.a.B.3}{Phonon\040drag\040in\040AlGaN/GaN\040two-dimensional\040electron\040gases\040for\040high\040thermoelectric\040performance}{Appendix.a.B}% 72
\BOOKMARK [1][-]{section.a.B.4}{Terahertz\040spectroscopy\040of\040RuCl3\040}{Appendix.a.B}% 73
\BOOKMARK [0][-]{chapter*.52}{Bibliography}{}% 74
