This is pdfTeX, Version 3.14159265-2.6-1.40.19 (MiKTeX 2.9.6730 64-bit) (preloaded format=pdflatex 2018.8.27)  18 MAR 2019 11:28
entering extended mode
**./dissertation.firstdraft.tex
(dissertation.firstdraft.tex
LaTeX2e <2018-04-01> patch level 5
("C:\Program Files\MiKTeX 2.9\tex\latex\base\report.cls"
Document Class: report 2014/09/29 v1.4h Standard LaTeX document class
("C:\Program Files\MiKTeX 2.9\tex\latex\base\size12.clo"
File: size12.clo 2014/09/29 v1.4h Standard LaTeX file (size option)
)
\c@part=\count80
\c@chapter=\count81
\c@section=\count82
\c@subsection=\count83
\c@subsubsection=\count84
\c@paragraph=\count85
\c@subparagraph=\count86
\c@figure=\count87
\c@table=\count88
\abovecaptionskip=\skip41
\belowcaptionskip=\skip42
\bibindent=\dimen102
) (suthesis-2e.sty
Package: suthesis-2e 2016/06/04

Note that this tries to fulfill the Stanford Thesis requirements but it is unof
ficial
(C:\Users\dsbjr\AppData\Roaming\MiKTeX\2.9\tex\latex\setspace\setspace.sty
Package: setspace 2011/12/19 v6.7a set line spacing
)
\signaturespace=\skip43
\certificatewidth=\skip44
)
(C:\Users\dsbjr\AppData\Roaming\MiKTeX\2.9\tex\latex\caption\caption.sty
Package: caption 2018/05/01 v3.3-147 Customizing captions (AR)

(C:\Users\dsbjr\AppData\Roaming\MiKTeX\2.9\tex\latex\caption\caption3.sty
Package: caption3 2018/05/27 v1.8a caption3 kernel (AR)
Package caption3 Info: TeX engine: e-TeX on input line 64.

("C:\Program Files\MiKTeX 2.9\tex\latex\graphics\keyval.sty"
Package: keyval 2014/10/28 v1.15 key=value parser (DPC)
\KV@toks@=\toks14
)
\captionmargin=\dimen103
\captionmargin@=\dimen104
\captionwidth=\dimen105
\caption@tempdima=\dimen106
\caption@indent=\dimen107
\caption@parindent=\dimen108
\caption@hangindent=\dimen109
)
\c@ContinuedFloat=\count89
)
("C:\Program Files\MiKTeX 2.9\tex\latex\graphics\graphicx.sty"
Package: graphicx 2017/06/01 v1.1a Enhanced LaTeX Graphics (DPC,SPQR)

("C:\Program Files\MiKTeX 2.9\tex\latex\graphics\graphics.sty"
Package: graphics 2017/06/25 v1.2c Standard LaTeX Graphics (DPC,SPQR)

("C:\Program Files\MiKTeX 2.9\tex\latex\graphics\trig.sty"
Package: trig 2016/01/03 v1.10 sin cos tan (DPC)
)
("C:\Program Files\MiKTeX 2.9\tex\latex\graphics-cfg\graphics.cfg"
File: graphics.cfg 2016/06/04 v1.11 sample graphics configuration
)
Package graphics Info: Driver file: pdftex.def on input line 99.

("C:\Program Files\MiKTeX 2.9\tex\latex\graphics-def\pdftex.def"
File: pdftex.def 2018/01/08 v1.0l Graphics/color driver for pdftex
))
\Gin@req@height=\dimen110
\Gin@req@width=\dimen111
)
("C:\Program Files\MiKTeX 2.9\tex\latex\amsmath\amsmath.sty"
Package: amsmath 2017/09/02 v2.17a AMS math features
\@mathmargin=\skip45

For additional information on amsmath, use the `?' option.
("C:\Program Files\MiKTeX 2.9\tex\latex\amsmath\amstext.sty"
Package: amstext 2000/06/29 v2.01 AMS text

("C:\Program Files\MiKTeX 2.9\tex\latex\amsmath\amsgen.sty"
File: amsgen.sty 1999/11/30 v2.0 generic functions
\@emptytoks=\toks15
\ex@=\dimen112
))
("C:\Program Files\MiKTeX 2.9\tex\latex\amsmath\amsbsy.sty"
Package: amsbsy 1999/11/29 v1.2d Bold Symbols
\pmbraise@=\dimen113
)
("C:\Program Files\MiKTeX 2.9\tex\latex\amsmath\amsopn.sty"
Package: amsopn 2016/03/08 v2.02 operator names
)
\inf@bad=\count90
LaTeX Info: Redefining \frac on input line 213.
\uproot@=\count91
\leftroot@=\count92
LaTeX Info: Redefining \overline on input line 375.
\classnum@=\count93
\DOTSCASE@=\count94
LaTeX Info: Redefining \ldots on input line 472.
LaTeX Info: Redefining \dots on input line 475.
LaTeX Info: Redefining \cdots on input line 596.
\Mathstrutbox@=\box26
\strutbox@=\box27
\big@size=\dimen114
LaTeX Font Info:    Redeclaring font encoding OML on input line 712.
LaTeX Font Info:    Redeclaring font encoding OMS on input line 713.
\macc@depth=\count95
\c@MaxMatrixCols=\count96
\dotsspace@=\muskip10
\c@parentequation=\count97
\dspbrk@lvl=\count98
\tag@help=\toks16
\row@=\count99
\column@=\count100
\maxfields@=\count101
\andhelp@=\toks17
\eqnshift@=\dimen115
\alignsep@=\dimen116
\tagshift@=\dimen117
\tagwidth@=\dimen118
\totwidth@=\dimen119
\lineht@=\dimen120
\@envbody=\toks18
\multlinegap=\skip46
\multlinetaggap=\skip47
\mathdisplay@stack=\toks19
LaTeX Info: Redefining \[ on input line 2817.
LaTeX Info: Redefining \] on input line 2818.
)
(C:\Users\dsbjr\AppData\Roaming\MiKTeX\2.9\tex\latex\url\url.sty
\Urlmuskip=\muskip11
Package: url 2013/09/16  ver 3.4  Verb mode for urls, etc.
)
(dissertation.firstdraft.aux (tex/intro.aux) (tex/ch2.aux) (tex/ch3.aux))
\openout1 = `dissertation.firstdraft.aux'.

LaTeX Font Info:    Checking defaults for OML/cmm/m/it on input line 61.
LaTeX Font Info:    ... okay on input line 61.
LaTeX Font Info:    Checking defaults for T1/cmr/m/n on input line 61.
LaTeX Font Info:    ... okay on input line 61.
LaTeX Font Info:    Checking defaults for OT1/cmr/m/n on input line 61.
LaTeX Font Info:    ... okay on input line 61.
LaTeX Font Info:    Checking defaults for OMS/cmsy/m/n on input line 61.
LaTeX Font Info:    ... okay on input line 61.
LaTeX Font Info:    Checking defaults for OMX/cmex/m/n on input line 61.
LaTeX Font Info:    ... okay on input line 61.
LaTeX Font Info:    Checking defaults for U/cmr/m/n on input line 61.
LaTeX Font Info:    ... okay on input line 61.
Package caption Info: Begin \AtBeginDocument code.
Package caption Info: End \AtBeginDocument code.

(C:\Users\dsbjr\AppData\Roaming\MiKTeX\2.9\tex\context\base\supp-pdf.mkii
[Loading MPS to PDF converter (version 2006.09.02).]
\scratchcounter=\count102
\scratchdimen=\dimen121
\scratchbox=\box28
\nofMPsegments=\count103
\nofMParguments=\count104
\everyMPshowfont=\toks20
\MPscratchCnt=\count105
\MPscratchDim=\dimen122
\MPnumerator=\count106
\makeMPintoPDFobject=\count107
\everyMPtoPDFconversion=\toks21
) ("C:\Program Files\MiKTeX 2.9\tex\latex\oberdiek\epstopdf-base.sty"
Package: epstopdf-base 2016/05/15 v2.6 Base part for package epstopdf

("C:\Program Files\MiKTeX 2.9\tex\generic\oberdiek\infwarerr.sty"
Package: infwarerr 2016/05/16 v1.4 Providing info/warning/error messages (HO)
)
("C:\Program Files\MiKTeX 2.9\tex\latex\oberdiek\grfext.sty"
Package: grfext 2016/05/16 v1.2 Manage graphics extensions (HO)

("C:\Program Files\MiKTeX 2.9\tex\generic\oberdiek\kvdefinekeys.sty"
Package: kvdefinekeys 2016/05/16 v1.4 Define keys (HO)

("C:\Program Files\MiKTeX 2.9\tex\generic\oberdiek\ltxcmds.sty"
Package: ltxcmds 2016/05/16 v1.23 LaTeX kernel commands for general use (HO)
)))
("C:\Program Files\MiKTeX 2.9\tex\latex\oberdiek\kvoptions.sty"
Package: kvoptions 2016/05/16 v3.12 Key value format for package options (HO)

("C:\Program Files\MiKTeX 2.9\tex\generic\oberdiek\kvsetkeys.sty"
Package: kvsetkeys 2016/05/16 v1.17 Key value parser (HO)

("C:\Program Files\MiKTeX 2.9\tex\generic\oberdiek\etexcmds.sty"
Package: etexcmds 2016/05/16 v1.6 Avoid name clashes with e-TeX commands (HO)

("C:\Program Files\MiKTeX 2.9\tex\generic\oberdiek\ifluatex.sty"
Package: ifluatex 2016/05/16 v1.4 Provides the ifluatex switch (HO)
Package ifluatex Info: LuaTeX not detected.
)
Package etexcmds Info: Could not find \expanded.
(etexcmds)             That can mean that you are not using pdfTeX 1.50 or
(etexcmds)             that some package has redefined \expanded.
(etexcmds)             In the latter case, load this package earlier.
)))
("C:\Program Files\MiKTeX 2.9\tex\generic\oberdiek\pdftexcmds.sty"
Package: pdftexcmds 2018/01/30 v0.27 Utility functions of pdfTeX for LuaTeX (HO
)

("C:\Program Files\MiKTeX 2.9\tex\generic\oberdiek\ifpdf.sty"
Package: ifpdf 2017/03/15 v3.2 Provides the ifpdf switch
)
Package pdftexcmds Info: LuaTeX not detected.
Package pdftexcmds Info: \pdf@primitive is available.
Package pdftexcmds Info: \pdf@ifprimitive is available.
Package pdftexcmds Info: \pdfdraftmode found.
)
Package epstopdf-base Info: Redefining graphics rule for `.eps' on input line 4
38.
Package grfext Info: Graphics extension search list:
(grfext)             [.pdf,.png,.jpg,.mps,.jpeg,.jbig2,.jb2,.PDF,.PNG,.JPG,.JPE
G,.JBIG2,.JB2,.eps]
(grfext)             \AppendGraphicsExtensions on input line 456.
) [1

{C:/Users/dsbjr/AppData/Local/MiKTeX/2.9/pdftex/config/pdftex.map}] [4


] [5] [6

]
(dissertation.firstdraft.toc)
\tf@toc=\write3
\openout3 = `dissertation.firstdraft.toc'.

 [7

] (dissertation.firstdraft.lot)
\tf@lot=\write4
\openout4 = `dissertation.firstdraft.lot'.

 [8

]
(dissertation.firstdraft.lof)
\tf@lof=\write5
\openout5 = `dissertation.firstdraft.lof'.

 [9

]
\openout2 = `./tex/intro.aux'.

 (tex/intro.tex [1


]
Chapter 1.
[2

] [3]
<C:/Users/dsbjr/Documents/GitHub/Dissertation/img/ToricCode-TopOrderEdX.jpg, id
=46, 1148.79187pt x 607.51968pt>
File: C:/Users/dsbjr/Documents/GitHub/Dissertation/img/ToricCode-TopOrderEdX.jp
g Graphic file (type jpg)
<use C:/Users/dsbjr/Documents/GitHub/Dissertation/img/ToricCode-TopOrderEdX.jpg
>
Package pdftex.def Info: C:/Users/dsbjr/Documents/GitHub/Dissertation/img/Toric
Code-TopOrderEdX.jpg  used on input line 44.
(pdftex.def)             Requested size: 216.81pt x 114.65125pt.
 [4 <C:/Users/dsbjr/Documents/GitHub/Dissertation/img/ToricCode-TopOrderEdX.jpg
>]
<C:/Users/dsbjr/Documents/GitHub/Dissertation/img/ToricCode-Fractional-TopOrder
EdX.jpg, id=53, 1273.00594pt x 571.38469pt>
File: C:/Users/dsbjr/Documents/GitHub/Dissertation/img/ToricCode-Fractional-Top
OrderEdX.jpg Graphic file (type jpg)
<use C:/Users/dsbjr/Documents/GitHub/Dissertation/img/ToricCode-Fractional-TopO
rderEdX.jpg>
Package pdftex.def Info: C:/Users/dsbjr/Documents/GitHub/Dissertation/img/Toric
Code-Fractional-TopOrderEdX.jpg  used on input line 61.
(pdftex.def)             Requested size: 346.89731pt x 155.69705pt.
 [5 <C:/Users/dsbjr/Documents/GitHub/Dissertation/img/ToricCode-Fractional-TopO
rderEdX.jpg>]
<C:/Users/dsbjr/Documents/GitHub/Dissertation/img/ToricCode-Torus-CC.jpg, id=57
, 757.83125pt x 421.575pt>
File: C:/Users/dsbjr/Documents/GitHub/Dissertation/img/ToricCode-Torus-CC.jpg G
raphic file (type jpg)
<use C:/Users/dsbjr/Documents/GitHub/Dissertation/img/ToricCode-Torus-CC.jpg>
Package pdftex.def Info: C:/Users/dsbjr/Documents/GitHub/Dissertation/img/Toric
Code-Torus-CC.jpg  used on input line 74.
(pdftex.def)             Requested size: 346.89731pt x 192.97481pt.
 [6] [7 <C:/Users/dsbjr/Documents/GitHub/Dissertation/img/ToricCode-Torus-CC.jp
g>] [8]
<C:/Users/dsbjr/Documents/GitHub/Dissertation/img/QHEMeasurement-vonK.png, id=7
0, 607.26875pt x 692.5875pt>
File: C:/Users/dsbjr/Documents/GitHub/Dissertation/img/QHEMeasurement-vonK.png 
Graphic file (type png)
<use C:/Users/dsbjr/Documents/GitHub/Dissertation/img/QHEMeasurement-vonK.png>
Package pdftex.def Info: C:/Users/dsbjr/Documents/GitHub/Dissertation/img/QHEMe
asurement-vonK.png  used on input line 110.
(pdftex.def)             Requested size: 216.81pt x 247.27054pt.
 [9 <C:/Users/dsbjr/Documents/GitHub/Dissertation/img/QHEMeasurement-vonK.png (
PNG copy)>] [10] [11]
<C:/Users/dsbjr/Documents/GitHub/Dissertation/img/FQHEMeasurement-Willet.png, i
d=84, 764.8575pt x 558.085pt>
File: C:/Users/dsbjr/Documents/GitHub/Dissertation/img/FQHEMeasurement-Willet.p
ng Graphic file (type png)
<use C:/Users/dsbjr/Documents/GitHub/Dissertation/img/FQHEMeasurement-Willet.pn
g>
Package pdftex.def Info: C:/Users/dsbjr/Documents/GitHub/Dissertation/img/FQHEM
easurement-Willet.png  used on input line 177.
(pdftex.def)             Requested size: 216.81pt x 158.19579pt.
 [12] [13 <C:/Users/dsbjr/Documents/GitHub/Dissertation/img/FQHEMeasurement-Wil
let.png>]
<C:/Users/dsbjr/Documents/GitHub/Dissertation/img/Frustration-Balents2010.png, 
id=92, 632.3625pt x 219.82124pt>
File: C:/Users/dsbjr/Documents/GitHub/Dissertation/img/Frustration-Balents2010.
png Graphic file (type png)
<use C:/Users/dsbjr/Documents/GitHub/Dissertation/img/Frustration-Balents2010.p
ng>
Package pdftex.def Info: C:/Users/dsbjr/Documents/GitHub/Dissertation/img/Frust
ration-Balents2010.png  used on input line 210.
(pdftex.def)             Requested size: 216.81pt x 75.36546pt.
 [14] [15 <C:/Users/dsbjr/Documents/GitHub/Dissertation/img/Frustration-Balents
2010.png>]
<C:/Users/dsbjr/Documents/GitHub/Dissertation/img/PyrochloreLattice-Balents2010
.png, id=99, 224.63925pt x 172.2435pt>
File: C:/Users/dsbjr/Documents/GitHub/Dissertation/img/PyrochloreLattice-Balent
s2010.png Graphic file (type png)
<use C:/Users/dsbjr/Documents/GitHub/Dissertation/img/PyrochloreLattice-Balents
2010.png>
Package pdftex.def Info: C:/Users/dsbjr/Documents/GitHub/Dissertation/img/Pyroc
hloreLattice-Balents2010.png  used on input line 245.
(pdftex.def)             Requested size: 130.08731pt x 99.74886pt.
 [16 <C:/Users/dsbjr/Documents/GitHub/Dissertation/img/PyrochloreLattice-Balent
s2010.png>]) [17] (dissertation.firstdraft.bbl [6




] [7]) [8] (dissertation.firstdraft.aux
(tex/intro.aux) (tex/ch2.aux) (tex/ch3.aux)) ) 
Here is how much of TeX's memory you used:
 3490 strings out of 492973
 54713 string characters out of 3135932
 115428 words of memory out of 3000000
 7289 multiletter control sequences out of 15000+200000
 13229 words of font info for 47 fonts, out of 3000000 for 9000
 1141 hyphenation exceptions out of 8191
 41i,11n,41p,1779b,280s stack positions out of 5000i,500n,10000p,200000b,50000s
<C:/Program Files/MiKTeX 2.9/font
s/type1/public/amsfonts/cm/cmbx10.pfb><C:/Program Files/MiKTeX 2.9/fonts/type1/
public/amsfonts/cm/cmbx12.pfb><C:/Program Files/MiKTeX 2.9/fonts/type1/public/a
msfonts/cm/cmex10.pfb><C:/Program Files/MiKTeX 2.9/fonts/type1/public/amsfonts/
cmextra/cmex8.pfb><C:/Program Files/MiKTeX 2.9/fonts/type1/public/amsfonts/cm/c
mmi10.pfb><C:/Program Files/MiKTeX 2.9/fonts/type1/public/amsfonts/cm/cmmi12.pf
b><C:/Program Files/MiKTeX 2.9/fonts/type1/public/amsfonts/cm/cmmi5.pfb><C:/Pro
gram Files/MiKTeX 2.9/fonts/type1/public/amsfonts/cm/cmmi6.pfb><C:/Program File
s/MiKTeX 2.9/fonts/type1/public/amsfonts/cm/cmmi7.pfb><C:/Program Files/MiKTeX 
2.9/fonts/type1/public/amsfonts/cm/cmmi8.pfb><C:/Program Files/MiKTeX 2.9/fonts
/type1/public/amsfonts/cm/cmr10.pfb><C:/Program Files/MiKTeX 2.9/fonts/type1/pu
blic/amsfonts/cm/cmr12.pfb><C:/Program Files/MiKTeX 2.9/fonts/type1/public/amsf
onts/cm/cmr5.pfb><C:/Program Files/MiKTeX 2.9/fonts/type1/public/amsfonts/cm/cm
r6.pfb><C:/Program Files/MiKTeX 2.9/fonts/type1/public/amsfonts/cm/cmr7.pfb><C:
/Program Files/MiKTeX 2.9/fonts/type1/public/amsfonts/cm/cmr8.pfb><C:/Program F
iles/MiKTeX 2.9/fonts/type1/public/amsfonts/cm/cmsl12.pfb><C:/Program Files/MiK
TeX 2.9/fonts/type1/public/amsfonts/cm/cmsy10.pfb><C:/Program Files/MiKTeX 2.9/
fonts/type1/public/amsfonts/cm/cmsy6.pfb><C:/Program Files/MiKTeX 2.9/fonts/typ
e1/public/amsfonts/cm/cmsy8.pfb><C:/Program Files/MiKTeX 2.9/fonts/type1/public
/amsfonts/cm/cmti10.pfb><C:/Program Files/MiKTeX 2.9/fonts/type1/public/amsfont
s/cm/cmti12.pfb><C:/Program Files/MiKTeX 2.9/fonts/type1/public/amsfonts/cm/cmt
t12.pfb>
Output written on dissertation.firstdraft.pdf (27 pages, 990311 bytes).
PDF statistics:
 190 PDF objects out of 1000 (max. 8388607)
 0 named destinations out of 1000 (max. 500000)
 36 words of extra memory for PDF output out of 10000 (max. 10000000)

